2012-08-21 03:05:43,261 [52] NHibernate.Util.ADOExceptionReporter - There is a file sharing violation. A different process might be using the file. [ C:\DWASFiles\Sites\esell\VirtualDirectory0\site\wwwroot\App_Data\Sites\Default\Orchard.sdf ]
2012-08-21 03:05:43,277 [52] NHibernate.Util.ADOExceptionReporter - There is a file sharing violation. A different process might be using the file. [ C:\DWASFiles\Sites\esell\VirtualDirectory0\site\wwwroot\App_Data\Sites\Default\Orchard.sdf ]
2012-08-21 03:05:43,277 [52] Orchard.Alias.Implementation.Updater.AliasHolderUpdater - Exception during Alias refresh
NHibernate.ADOException: could not execute query
[ SELECT this_.Id as Id71_0_, this_.Path as Path71_0_, this_.RouteValues as RouteVal3_71_0_, this_.Source as Source71_0_, this_.Action_id as Action5_71_0_ FROM Orchard_Alias_AliasRecord this_ ORDER BY this_.Id asc ]
[SQL: SELECT this_.Id as Id71_0_, this_.Path as Path71_0_, this_.RouteValues as RouteVal3_71_0_, this_.Source as Source71_0_, this_.Action_id as Action5_71_0_ FROM Orchard_Alias_AliasRecord this_ ORDER BY this_.Id asc] ---> System.Data.SqlServerCe.SqlCeException: There is a file sharing violation. A different process might be using the file. [ C:\DWASFiles\Sites\esell\VirtualDirectory0\site\wwwroot\App_Data\Sites\Default\Orchard.sdf ]
   at System.Data.SqlServerCe.SqlCeConnection.ProcessResults(Int32 hr)
   at System.Data.SqlServerCe.SqlCeConnection.Open(Boolean silent)
   at System.Data.SqlServerCe.SqlCeConnection.Open()
   at NHibernate.Connection.DriverConnectionProvider.GetConnection()
   at NHibernate.AdoNet.ConnectionManager.GetConnection()
   at NHibernate.AdoNet.AbstractBatcher.Prepare(IDbCommand cmd)
   at NHibernate.AdoNet.AbstractBatcher.ExecuteReader(IDbCommand cmd)
   at NHibernate.Loader.Loader.GetResultSet(IDbCommand st, Boolean autoDiscoverTypes, Boolean callable, RowSelection selection, ISessionImplementor session)
   at NHibernate.Loader.Loader.DoQuery(ISessionImplementor session, QueryParameters queryParameters, Boolean returnProxies)
   at NHibernate.Loader.Loader.DoQueryAndInitializeNonLazyCollections(ISessionImplementor session, QueryParameters queryParameters, Boolean returnProxies)
   at NHibernate.Loader.Loader.DoList(ISessionImplementor session, QueryParameters queryParameters)
   --- End of inner exception stack trace ---
   at NHibernate.Loader.Loader.DoList(ISessionImplementor session, QueryParameters queryParameters)
   at NHibernate.Loader.Loader.ListIgnoreQueryCache(ISessionImplementor session, QueryParameters queryParameters)
   at NHibernate.Loader.Loader.List(ISessionImplementor session, QueryParameters queryParameters, ISet`1 querySpaces, IType[] resultTypes)
   at NHibernate.Impl.SessionImpl.List(CriteriaImpl criteria, IList results)
   at NHibernate.Impl.CriteriaImpl.List(IList results)
   at NHibernate.Impl.CriteriaImpl.List()
   at NHibernate.Linq.CriteriaResultReader`1.<GetEnumerator>d__0.MoveNext()
   at System.Linq.Enumerable.WhereSelectEnumerableIterator`2.MoveNext()
   at System.Collections.Generic.List`1..ctor(IEnumerable`1 collection)
   at System.Linq.Enumerable.ToList[TSource](IEnumerable`1 source)
   at Orchard.Alias.Implementation.Storage.AliasStorage.List()
   at Orchard.Alias.Implementation.Updater.AliasHolderUpdater.Refresh()
2012-08-21 03:05:43,402 [52] NHibernate.Util.ADOExceptionReporter - There is a file sharing violation. A different process might be using the file. [ C:\DWASFiles\Sites\esell\VirtualDirectory0\site\wwwroot\App_Data\Sites\Default\Orchard.sdf ]
2012-08-21 03:05:43,418 [52] NHibernate.Util.ADOExceptionReporter - There is a file sharing violation. A different process might be using the file. [ C:\DWASFiles\Sites\esell\VirtualDirectory0\site\wwwroot\App_Data\Sites\Default\Orchard.sdf ]
2012-08-21 03:05:43,418 [52] Orchard.Tasks.BackgroundService - Error while processing background task
NHibernate.ADOException: could not execute query
[ SELECT this_.Id as Id113_0_, this_.TaskType as TaskType113_0_, this_.ScheduledUtc as Schedule3_113_0_, this_.ContentItemVersionRecord_id as ContentI4_113_0_ FROM Scheduling_ScheduledTaskRecord this_ WHERE this_.ScheduledUtc <= ? ]
Positional parameters:  #0>8/21/2012 3:05:43 AM
[SQL: SELECT this_.Id as Id113_0_, this_.TaskType as TaskType113_0_, this_.ScheduledUtc as Schedule3_113_0_, this_.ContentItemVersionRecord_id as ContentI4_113_0_ FROM Scheduling_ScheduledTaskRecord this_ WHERE this_.ScheduledUtc <= ?] ---> System.Data.SqlServerCe.SqlCeException: There is a file sharing violation. A different process might be using the file. [ C:\DWASFiles\Sites\esell\VirtualDirectory0\site\wwwroot\App_Data\Sites\Default\Orchard.sdf ]
   at System.Data.SqlServerCe.SqlCeConnection.ProcessResults(Int32 hr)
   at System.Data.SqlServerCe.SqlCeConnection.Open(Boolean silent)
   at System.Data.SqlServerCe.SqlCeConnection.Open()
   at NHibernate.Connection.DriverConnectionProvider.GetConnection()
   at NHibernate.AdoNet.ConnectionManager.GetConnection()
   at NHibernate.AdoNet.AbstractBatcher.Prepare(IDbCommand cmd)
   at NHibernate.AdoNet.AbstractBatcher.ExecuteReader(IDbCommand cmd)
   at NHibernate.Loader.Loader.GetResultSet(IDbCommand st, Boolean autoDiscoverTypes, Boolean callable, RowSelection selection, ISessionImplementor session)
   at NHibernate.Loader.Loader.DoQuery(ISessionImplementor session, QueryParameters queryParameters, Boolean returnProxies)
   at NHibernate.Loader.Loader.DoQueryAndInitializeNonLazyCollections(ISessionImplementor session, QueryParameters queryParameters, Boolean returnProxies)
   at NHibernate.Loader.Loader.DoList(ISessionImplementor session, QueryParameters queryParameters)
   --- End of inner exception stack trace ---
   at NHibernate.Loader.Loader.DoList(ISessionImplementor session, QueryParameters queryParameters)
   at NHibernate.Loader.Loader.ListIgnoreQueryCache(ISessionImplementor session, QueryParameters queryParameters)
   at NHibernate.Loader.Loader.List(ISessionImplementor session, QueryParameters queryParameters, ISet`1 querySpaces, IType[] resultTypes)
   at NHibernate.Impl.SessionImpl.List(CriteriaImpl criteria, IList results)
   at NHibernate.Impl.CriteriaImpl.List(IList results)
   at NHibernate.Impl.CriteriaImpl.List()
   at NHibernate.Linq.CriteriaResultReader`1.<GetEnumerator>d__0.MoveNext()
   at System.Collections.Generic.List`1..ctor(IEnumerable`1 collection)
   at System.Linq.Enumerable.ToList[TSource](IEnumerable`1 source)
   at Orchard.Utility.Extensions.ReadOnlyCollectionExtensions.ToReadOnlyCollection[T](IEnumerable`1 enumerable) in c:\Build\Orchard\src\Orchard\Utility\Extensions\ReadOnlyCollectionExtensions.cs:line 8
   at Orchard.Data.Repository`1.Orchard.Data.IRepository<T>.Fetch(Expression`1 predicate) in c:\Build\Orchard\src\Orchard\Data\Repository.cs:line 72
   at Orchard.Core.Scheduling.Services.ScheduledTaskExecutor.Sweep() in c:\Build\Orchard\src\Orchard.Web\Core\Scheduling\Services\ScheduledTaskExecutor.cs:line 36
   at Orchard.Tasks.BackgroundService.Sweep() in c:\Build\Orchard\src\Orchard\Tasks\BackgroundService.cs:line 31
2012-08-21 03:05:44,121 [52] NHibernate.Util.ADOExceptionReporter - There is a file sharing violation. A different process might be using the file. [ C:\DWASFiles\Sites\esell\VirtualDirectory0\site\wwwroot\App_Data\Sites\Default\Orchard.sdf ]
2012-08-21 03:05:44,121 [52] NHibernate.Util.ADOExceptionReporter - There is a file sharing violation. A different process might be using the file. [ C:\DWASFiles\Sites\esell\VirtualDirectory0\site\wwwroot\App_Data\Sites\Default\Orchard.sdf ]
2012-08-21 03:05:44,121 [52] Orchard.Tasks.BackgroundService - Error while processing background task
NHibernate.ADOException: could not execute query
[ SELECT this_.Id as Id136_3_, this_.Number as Number136_3_, this_.Published as Published136_3_, this_.Latest as Latest136_3_, this_.Data as Data136_3_, this_.ContentItemRecord_id as ContentI6_136_3_, contentite1_.Id as Id135_0_, contentite1_.Data as Data135_0_, contentite1_.ContentType_id as ContentT3_135_0_, sitesettin4_.Id as Id103_1_, sitesettin4_.SiteSalt as SiteSalt103_1_, sitesettin4_.SiteName as SiteName103_1_, sitesettin4_.SuperUser as SuperUser103_1_, sitesettin4_.PageTitleSeparator as PageTitl5_103_1_, sitesettin4_.HomePage as HomePage103_1_, sitesettin4_.SiteCulture as SiteCult7_103_1_, sitesettin4_.ResourceDebugMode as Resource8_103_1_, sitesettin4_.PageSize as PageSize103_1_, sitesettin4_.SiteTimeZone as SiteTim10_103_1_, contenttyp5_.Id as Id137_2_, contenttyp5_.Name as Name137_2_ FROM Orchard_Framework_ContentItemVersionRecord this_ inner join Orchard_Framework_ContentItemRecord contentite1_ on this_.ContentItemRecord_id=contentite1_.Id left outer join Settings_SiteSettingsPartRecord sitesettin4_ on contentite1_.Id=sitesettin4_.Id left outer join Orchard_Framework_ContentTypeRecord contenttyp5_ on contentite1_.ContentType_id=contenttyp5_.Id WHERE contentite1_.Id = ? and this_.Published = ? ]
Positional parameters:  #0>1 #1>True
[SQL: SELECT this_.Id as Id136_3_, this_.Number as Number136_3_, this_.Published as Published136_3_, this_.Latest as Latest136_3_, this_.Data as Data136_3_, this_.ContentItemRecord_id as ContentI6_136_3_, contentite1_.Id as Id135_0_, contentite1_.Data as Data135_0_, contentite1_.ContentType_id as ContentT3_135_0_, sitesettin4_.Id as Id103_1_, sitesettin4_.SiteSalt as SiteSalt103_1_, sitesettin4_.SiteName as SiteName103_1_, sitesettin4_.SuperUser as SuperUser103_1_, sitesettin4_.PageTitleSeparator as PageTitl5_103_1_, sitesettin4_.HomePage as HomePage103_1_, sitesettin4_.SiteCulture as SiteCult7_103_1_, sitesettin4_.ResourceDebugMode as Resource8_103_1_, sitesettin4_.PageSize as PageSize103_1_, sitesettin4_.SiteTimeZone as SiteTim10_103_1_, contenttyp5_.Id as Id137_2_, contenttyp5_.Name as Name137_2_ FROM Orchard_Framework_ContentItemVersionRecord this_ inner join Orchard_Framework_ContentItemRecord contentite1_ on this_.ContentItemRecord_id=contentite1_.Id left outer join Settings_SiteSettingsPartRecord sitesettin4_ on contentite1_.Id=sitesettin4_.Id left outer join Orchard_Framework_ContentTypeRecord contenttyp5_ on contentite1_.ContentType_id=contenttyp5_.Id WHERE contentite1_.Id = ? and this_.Published = ?] ---> System.Data.SqlServerCe.SqlCeException: There is a file sharing violation. A different process might be using the file. [ C:\DWASFiles\Sites\esell\VirtualDirectory0\site\wwwroot\App_Data\Sites\Default\Orchard.sdf ]
   at System.Data.SqlServerCe.SqlCeConnection.ProcessResults(Int32 hr)
   at System.Data.SqlServerCe.SqlCeConnection.Open(Boolean silent)
   at System.Data.SqlServerCe.SqlCeConnection.Open()
   at NHibernate.Connection.DriverConnectionProvider.GetConnection()
   at NHibernate.AdoNet.ConnectionManager.GetConnection()
   at NHibernate.AdoNet.AbstractBatcher.Prepare(IDbCommand cmd)
   at NHibernate.AdoNet.AbstractBatcher.ExecuteReader(IDbCommand cmd)
   at NHibernate.Loader.Loader.GetResultSet(IDbCommand st, Boolean autoDiscoverTypes, Boolean callable, RowSelection selection, ISessionImplementor session)
   at NHibernate.Loader.Loader.DoQuery(ISessionImplementor session, QueryParameters queryParameters, Boolean returnProxies)
   at NHibernate.Loader.Loader.DoQueryAndInitializeNonLazyCollections(ISessionImplementor session, QueryParameters queryParameters, Boolean returnProxies)
   at NHibernate.Loader.Loader.DoList(ISessionImplementor session, QueryParameters queryParameters)
   --- End of inner exception stack trace ---
   at NHibernate.Loader.Loader.DoList(ISessionImplementor session, QueryParameters queryParameters)
   at NHibernate.Loader.Loader.ListIgnoreQueryCache(ISessionImplementor session, QueryParameters queryParameters)
   at NHibernate.Loader.Loader.List(ISessionImplementor session, QueryParameters queryParameters, ISet`1 querySpaces, IType[] resultTypes)
   at NHibernate.Impl.SessionImpl.List(CriteriaImpl criteria, IList results)
   at NHibernate.Impl.CriteriaImpl.List(IList results)
   at NHibernate.Impl.CriteriaImpl.List[T]()
   at Orchard.ContentManagement.DefaultContentManager.GetManyImplementation(QueryHints hints, Action`2 predicate) in c:\Build\Orchard\src\Orchard\ContentManagement\DefaultContentManager.cs:line 328
   at Orchard.ContentManagement.DefaultContentManager.Get(Int32 id, VersionOptions options, QueryHints hints) in c:\Build\Orchard\src\Orchard\ContentManagement\DefaultContentManager.cs:line 140
   at Orchard.ContentManagement.ContentGetExtensions.Get[T](IContentManager manager, Int32 id, VersionOptions options, QueryHints hints) in c:\Build\Orchard\src\Orchard\ContentManagement\ContentExtensions.cs:line 160
   at Orchard.Core.Settings.Services.SiteService.GetSiteSettings() in c:\Build\Orchard\src\Orchard.Web\Core\Settings\Services\SiteService.cs:line 46
   at Orchard.Settings.CurrentSiteWorkContext.Get[T](String name) in c:\Build\Orchard\src\Orchard\Settings\CurrentSiteWorkContext.cs:line 13
   at Orchard.Environment.WorkContextImplementation.<>c__DisplayClass7`1.<FindResolverForState>b__2(IWorkContextStateProvider wcsp) in c:\Build\Orchard\src\Orchard\Environment\WorkContextImplementation.cs:line 32
   at System.Linq.Enumerable.WhereSelectArrayIterator`2.MoveNext()
   at System.Linq.Enumerable.FirstOrDefault[TSource](IEn